<?xml version="1.0" encoding="utf-8"?><testsuites name="pytest tests"><testsuite name="pytest" errors="0" failures="0" skipped="0" tests="19" time="3.651" timestamp="2026-07-01T16:06:22.033915+00:00" hostname="agent-env-c538098f-826f-4a92-a8af-e2c9e968ac72"><testcase classname="backend.tests.backend_test" name="test_root" time="0.159" /><testcase classname="backend.tests.backend_test" name="test_get_room" time="0.140" /><testcase classname="backend.tests.backend_test" name="test_seeded_menu" time="0.118" /><testcase classname="backend.tests.backend_test" name="test_rename_room" time="0.152" /><testcase classname="backend.tests.backend_test" name="test_room_not_found" time="0.073" /><testcase classname="backend.tests.backend_test" name="test_category_crud" time="0.198" /><testcase classname="backend.tests.backend_test" name="test_item_crud_and_availability" time="0.387" /><testcase classname="backend.tests.backend_test" name="test_order_created" time="0.077" /><testcase classname="backend.tests.backend_test" name="test_list_orders_active" time="0.074" /><testcase classname="backend.tests.backend_test" name="test_edit_order" time="0.120" /><testcase classname="backend.tests.backend_test" name="test_order_status_flow" time="0.479" /><testcase classname="backend.tests.backend_test" name="test_invalid_status" time="0.146" /><testcase classname="backend.tests.backend_test" name="test_register_push_relay_placeholder_key" time="0.246" /><testcase classname="backend.tests.backend_test" name="test_status_ready_served_non_blocking_push" time="0.485" /><testcase classname="backend.tests.backend_test" name="test_create_order_empty_items_400" time="0.073" /><testcase classname="backend.tests.backend_test" name="test_stats" time="0.075" /><testcase classname="backend.tests.backend_test" name="test_websocket_broadcast" time="0.233" /><testcase classname="backend.tests.backend_test" name="test_websocket_invalid_code_closes" time="0.112" /><testcase classname="backend.tests.backend_test" name="test_regenerate_cascades" time="0.201" /></testsuite></testsuites>