<?xml version="1.0" encoding="utf-8"?><testsuites name="pytest tests"><testsuite name="pytest" errors="0" failures="0" skipped="0" tests="17" time="2.904" timestamp="2026-07-01T15:51:08.159926+00:00" hostname="agent-env-c538098f-826f-4a92-a8af-e2c9e968ac72"><testcase classname="backend.tests.backend_test" name="test_root" time="0.267" /><testcase classname="backend.tests.backend_test" name="test_get_room" time="0.159" /><testcase classname="backend.tests.backend_test" name="test_seeded_menu" time="0.107" /><testcase classname="backend.tests.backend_test" name="test_rename_room" time="0.162" /><testcase classname="backend.tests.backend_test" name="test_room_not_found" time="0.077" /><testcase classname="backend.tests.backend_test" name="test_category_crud" time="0.224" /><testcase classname="backend.tests.backend_test" name="test_item_crud_and_availability" time="0.408" /><testcase classname="backend.tests.backend_test" name="test_order_created" time="0.110" /><testcase classname="backend.tests.backend_test" name="test_list_orders_active" time="0.072" /><testcase classname="backend.tests.backend_test" name="test_edit_order" time="0.109" /><testcase classname="backend.tests.backend_test" name="test_order_status_flow" time="0.206" /><testcase classname="backend.tests.backend_test" name="test_invalid_status" time="0.074" /><testcase classname="backend.tests.backend_test" name="test_create_order_empty_items_400" time="0.076" /><testcase classname="backend.tests.backend_test" name="test_stats" time="0.076" /><testcase classname="backend.tests.backend_test" name="test_websocket_broadcast" time="0.277" /><testcase classname="backend.tests.backend_test" name="test_websocket_invalid_code_closes" time="0.147" /><testcase classname="backend.tests.backend_test" name="test_regenerate_cascades" time="0.223" /></testsuite></testsuites>